# JRE version: OpenJDK Runtime Environment (8.0_242-b01) (build 1.8.0_242-release-1644-b01)
# Java VM: OpenJDK 64-Bit Server VM (25.242-b01 mixed mode windows-amd64 compressed oops)
Heap:
 PSYoungGen      total 159232K, used 28205K [0x00000000d5580000, 0x00000000e7500000, 0x0000000100000000)
  eden space 29184K, 45% used [0x00000000d5580000,0x00000000d6267268,0x00000000d7200000)
  from space 130048K, 11% used [0x00000000df600000,0x00000000e04a41c0,0x00000000e7500000)
  to   space 132608K, 0% used [0x00000000d7200000,0x00000000d7200000,0x00000000df380000)
 ParOldGen       total 307200K, used 205051K [0x0000000080000000, 0x0000000092c00000, 0x00000000d5580000)
  object space 307200K, 66% used [0x0000000080000000,0x000000008c83ec40,0x0000000092c00000)
 Metaspace       used 93182K, capacity 97154K, committed 97448K, reserved 1134592K
  class space    used 12055K, capacity 12833K, committed 12976K, reserved 1048576K
GC Heap History (10 events):
Event: 1226.446 GC heap before
{Heap before GC invocations=85 (full 5):
 PSYoungGen      total 161280K, used 108918K [0x00000000d5580000, 0x00000000e7f80000, 0x0000000100000000)
  eden space 22528K, 100% used [0x00000000d5580000,0x00000000d6b80000,0x00000000d6b80000)
  from space 138752K, 62% used [0x00000000d6b80000,0x00000000dbfdd9a0,0x00000000df300000)
  to   space 139776K, 0% used [0x00000000df700000,0x00000000df700000,0x00000000e7f80000)
 ParOldGen       total 209920K, used 139624K [0x0000000080000000, 0x000000008cd00000, 0x00000000d5580000)
  object space 209920K, 66% used [0x0000000080000000,0x000000008885a3b0,0x000000008cd00000)
 Metaspace       used 93134K, capacity 97086K, committed 97448K, reserved 1134592K
  class space    used 12055K, capacity 12833K, committed 12976K, reserved 1048576K
Event: 1226.626 GC heap after
Heap after GC invocations=85 (full 5):
 PSYoungGen      total 154112K, used 55687K [0x00000000d5580000, 0x00000000e7480000, 0x0000000100000000)
  eden space 25600K, 0% used [0x00000000d5580000,0x00000000d5580000,0x00000000d6e80000)
  from space 128512K, 43% used [0x00000000df700000,0x00000000e2d61f40,0x00000000e7480000)
  to   space 134144K, 0% used [0x00000000d6e80000,0x00000000d6e80000,0x00000000df180000)
 ParOldGen       total 209920K, used 175471K [0x0000000080000000, 0x000000008cd00000, 0x00000000d5580000)
  object space 209920K, 83% used [0x0000000080000000,0x000000008ab5bd48,0x000000008cd00000)
 Metaspace       used 93134K, capacity 97086K, committed 97448K, reserved 1134592K
  class space    used 12055K, capacity 12833K, committed 12976K, reserved 1048576K
}
Event: 1226.745 GC heap before
{Heap before GC invocations=86 (full 5):
 PSYoungGen      total 154112K, used 81287K [0x00000000d5580000, 0x00000000e7480000, 0x0000000100000000)
  eden space 25600K, 100% used [0x00000000d5580000,0x00000000d6e80000,0x00000000d6e80000)
  from space 128512K, 43% used [0x00000000df700000,0x00000000e2d61f40,0x00000000e7480000)
  to   space 134144K, 0% used [0x00000000d6e80000,0x00000000d6e80000,0x00000000df180000)
 ParOldGen       total 209920K, used 175471K [0x0000000080000000, 0x000000008cd00000, 0x00000000d5580000)
  object space 209920K, 83% used [0x0000000080000000,0x000000008ab5bd48,0x000000008cd00000)
 Metaspace       used 93135K, capacity 97086K, committed 97448K, reserved 1134592K
  class space    used 12055K, capacity 12833K, committed 12976K, reserved 1048576K
Event: 1226.968 GC heap after
Heap after GC invocations=86 (full 5):
 PSYoungGen      total 159744K, used 28727K [0x00000000d5580000, 0x00000000e7600000, 0x0000000100000000)
  eden space 25600K, 0% used [0x00000000d5580000,0x00000000d5580000,0x00000000d6e80000)
  from space 134144K, 21% used [0x00000000d6e80000,0x00000000d8a8dd48,0x00000000df180000)
  to   space 133120K, 0% used [0x00000000df400000,0x00000000df400000,0x00000000e7600000)
 ParOldGen       total 209920K, used 204236K [0x0000000080000000, 0x000000008cd00000, 0x00000000d5580000)
  object space 209920K, 97% used [0x0000000080000000,0x000000008c773230,0x000000008cd00000)
 Metaspace       used 93135K, capacity 97086K, committed 97448K, reserved 1134592K
  class space    used 12055K, capacity 12833K, committed 12976K, reserved 1048576K
}
Event: 1226.968 GC heap before
{Heap before GC invocations=87 (full 6):
 PSYoungGen      total 159744K, used 28727K [0x00000000d5580000, 0x00000000e7600000, 0x0000000100000000)
  eden space 25600K, 0% used [0x00000000d5580000,0x00000000d5580000,0x00000000d6e80000)
  from space 134144K, 21% used [0x00000000d6e80000,0x00000000d8a8dd48,0x00000000df180000)
  to   space 133120K, 0% used [0x00000000df400000,0x00000000df400000,0x00000000e7600000)
 ParOldGen       total 209920K, used 204236K [0x0000000080000000, 0x000000008cd00000, 0x00000000d5580000)
  object space 209920K, 97% used [0x0000000080000000,0x000000008c773230,0x000000008cd00000)
 Metaspace       used 93135K, capacity 97086K, committed 97448K, reserved 1134592K
  class space    used 12055K, capacity 12833K, committed 12976K, reserved 1048576K
Event: 1332.842 GC heap after
Heap after GC invocations=87 (full 6):
 PSYoungGen      total 159744K, used 0K [0x00000000d5580000, 0x00000000e7600000, 0x0000000100000000)
  eden space 25600K, 0% used [0x00000000d5580000,0x00000000d5580000,0x00000000d6e80000)
  from space 134144K, 0% used [0x00000000d6e80000,0x00000000d6e80000,0x00000000df180000)
  to   space 133120K, 0% used [0x00000000df400000,0x00000000df400000,0x00000000e7600000)
 ParOldGen       total 307200K, used 205051K [0x0000000080000000, 0x0000000092c00000, 0x00000000d5580000)
  object space 307200K, 66% used [0x0000000080000000,0x000000008c83ec40,0x0000000092c00000)
 Metaspace       used 93135K, capacity 97086K, committed 97448K, reserved 1134592K
  class space    used 12055K, capacity 12833K, committed 12976K, reserved 1048576K
}
Event: 1344.340 GC heap before
{Heap before GC invocations=88 (full 6):
 PSYoungGen      total 159744K, used 25600K [0x00000000d5580000, 0x00000000e7600000, 0x0000000100000000)
  eden space 25600K, 100% used [0x00000000d5580000,0x00000000d6e80000,0x00000000d6e80000)
  from space 134144K, 0% used [0x00000000d6e80000,0x00000000d6e80000,0x00000000df180000)
  to   space 133120K, 0% used [0x00000000df400000,0x00000000df400000,0x00000000e7600000)
 ParOldGen       total 307200K, used 205051K [0x0000000080000000, 0x0000000092c00000, 0x00000000d5580000)
  object space 307200K, 66% used [0x0000000080000000,0x000000008c83ec40,0x0000000092c00000)
 Metaspace       used 93171K, capacity 97090K, committed 97448K, reserved 1134592K
  class space    used 12055K, capacity 12833K, committed 12976K, reserved 1048576K
Event: 1345.037 GC heap after
Heap after GC invocations=88 (full 6):
 PSYoungGen      total 160256K, used 3342K [0x00000000d5580000, 0x00000000e7900000, 0x0000000100000000)
  eden space 27136K, 0% used [0x00000000d5580000,0x00000000d5580000,0x00000000d7000000)
  from space 133120K, 2% used [0x00000000df400000,0x00000000df743920,0x00000000e7600000)
  to   space 135168K, 0% used [0x00000000d7000000,0x00000000d7000000,0x00000000df400000)
 ParOldGen       total 307200K, used 205051K [0x0000000080000000, 0x0000000092c00000, 0x00000000d5580000)
  object space 307200K, 66% used [0x0000000080000000,0x000000008c83ec40,0x0000000092c00000)
 Metaspace       used 93171K, capacity 97090K, committed 97448K, reserved 1134592K
  class space    used 12055K, capacity 12833K, committed 12976K, reserved 1048576K
}
Event: 1352.071 GC heap before
{Heap before GC invocations=89 (full 6):
 PSYoungGen      total 160256K, used 30435K [0x00000000d5580000, 0x00000000e7900000, 0x0000000100000000)
  eden space 27136K, 99% used [0x00000000d5580000,0x00000000d6ff5320,0x00000000d7000000)
  from space 133120K, 2% used [0x00000000df400000,0x00000000df743920,0x00000000e7600000)
  to   space 135168K, 0% used [0x00000000d7000000,0x00000000d7000000,0x00000000df400000)
 ParOldGen       total 307200K, used 205051K [0x0000000080000000, 0x0000000092c00000, 0x00000000d5580000)
  object space 307200K, 66% used [0x0000000080000000,0x000000008c83ec40,0x0000000092c00000)
 Metaspace       used 93178K, capacity 97154K, committed 97448K, reserved 1134592K
  class space    used 12055K, capacity 12833K, committed 12976K, reserved 1048576K
Event: 1352.487 GC heap after
Heap after GC invocations=89 (full 6):
 PSYoungGen      total 162304K, used 8974K [0x00000000d5580000, 0x00000000e7a00000, 0x0000000100000000)
  eden space 27136K, 0% used [0x00000000d5580000,0x00000000d5580000,0x00000000d7000000)
  from space 135168K, 6% used [0x00000000d7000000,0x00000000d78c3990,0x00000000df400000)
  to   space 135168K, 0% used [0x00000000df600000,0x00000000df600000,0x00000000e7a00000)
 ParOldGen       total 307200K, used 205051K [0x0000000080000000, 0x0000000092c00000, 0x00000000d5580000)
  object space 307200K, 66% used [0x0000000080000000,0x000000008c83ec40,0x0000000092c00000)
 Metaspace       used 93178K, capacity 97154K, committed 97448K, reserved 1134592K
  class space    used 12055K, capacity 12833K, committed 12976K, reserved 1048576K
}

